Apr-13 19:34:19.067 [main] DEBUG nextflow.cli.Launcher - $> nextflow kuberun Nine-s/eager_generated -r master -c nextflow_1.config -resume
Apr-13 19:34:19.284 [main] DEBUG nextflow.plugin.PluginsFacade - Setting up plugin manager > mode=prod; embedded=false; plugins-dir=/home/ninon/.nextflow/plugins; core-plugins: nf-amazon@2.1.4,nf-azure@1.3.2,nf-cloudcache@0.3.0,nf-codecommit@0.1.5,nf-console@1.0.6,nf-ga4gh@1.1.0,nf-google@1.8.3,nf-tower@1.6.3,nf-wave@0.14.0
Apr-13 19:34:19.297 [main] INFO  o.pf4j.DefaultPluginStatusProvider - Enabled plugins: []
Apr-13 19:34:19.299 [main] INFO  o.pf4j.DefaultPluginStatusProvider - Disabled plugins: []
Apr-13 19:34:19.304 [main] INFO  org.pf4j.DefaultPluginManager - PF4J version 3.4.1 in 'deployment' mode
Apr-13 19:34:19.317 [main] INFO  org.pf4j.AbstractPluginManager - No plugins
Apr-13 19:34:19.331 [main] DEBUG nextflow.scm.ProviderConfig - Using SCM config path: /home/ninon/.nextflow/scm
Apr-13 19:34:19.361 [main] DEBUG nextflow.scm.RepositoryFactory - Found Git repository result: [RepositoryFactory]
Apr-13 19:34:19.370 [main] DEBUG nextflow.scm.RepositoryProvider - Request [credentials -:-] -> https://api.github.com/repos/Nine-s/eager_generated/contents/nextflow.config
Apr-13 19:34:19.892 [main] DEBUG nextflow.scm.RepositoryProvider - Response status: 404 -- {"message":"Not Found","documentation_url":"https://docs.github.com/rest/repos/contents#get-repository-content"}
Apr-13 19:34:19.895 [main] DEBUG nextflow.scm.RepositoryProvider - Request [credentials -:-] -> https://api.github.com/repos/Nine-s/eager_generated
Apr-13 19:34:20.118 [main] DEBUG nextflow.scm.AssetManager - Cannot retrieve remote config file -- likely it does not exist
Apr-13 19:34:20.135 [main] DEBUG nextflow.config.ConfigBuilder - User config file: /home/ninon/description_prototype/v1/eager_generated/nextflow_1.config
Apr-13 19:34:20.138 [main] DEBUG nextflow.config.ConfigBuilder - Parsing config file: /home/ninon/description_prototype/v1/eager_generated/nextflow_1.config
Apr-13 19:34:20.184 [main] DEBUG nextflow.config.ConfigBuilder - Applying config profile: `standard`
Apr-13 19:34:21.146 [main] DEBUG nextflow.k8s.K8sConfig - Kubernetes workDir=/workspace/ninon/work; projectDir=/workspace/projects; volumeClaims=[nextflow-ninon]
Apr-13 19:34:21.260 [main] DEBUG nextflow.scm.ProviderConfig - Using SCM config path: /home/ninon/.nextflow/scm
Apr-13 19:34:21.360 [main] DEBUG nextflow.k8s.K8sDriverLauncher - Created K8s configMap with name: nf-config-6e48b8fe
Apr-13 19:34:21.401 [main] INFO  nextflow.k8s.K8sDriverLauncher - Launcher pod spec file: .nextflow.pod.yaml
Apr-13 19:34:41.278 [main] DEBUG nextflow.k8s.K8sDriverLauncher - Wait for pod termination name=voluminous-booth
